<?xml version="1.0" encoding="UTF-8"?>
<!-- Generated by org.testng.reporters.JUnitReportReporter -->
<testsuite hostname="SeenaReddy" failures="0" tests="1" name="com.testscenarios.Frames_Handle" time="9.816" errors="0" timestamp="2025-02-26T18:06:00 MST" skipped="0">
  <testcase classname="com.testscenarios.Frames_Handle" name="f" time="9.816"/>
  <system-out/>
</testsuite> <!-- com.testscenarios.Frames_Handle -->
