<?xml version="1.0" encoding="UTF-8"?>
<!-- Generated by org.testng.reporters.JUnitReportReporter -->
<testsuite hostname="SeenaReddy" failures="0" tests="1" name="com.testscenarios.GetTextDemo" time="12.775" errors="0" timestamp="2025-02-19T19:13:01 MST" skipped="0">
  <testcase classname="com.testscenarios.GetTextDemo" name="f" time="12.775"/>
</testsuite> <!-- com.testscenarios.GetTextDemo -->
