<?xml version="1.0" encoding="UTF-8"?>
<!-- Generated by org.testng.reporters.JUnitReportReporter -->
<testsuite hostname="SeenaReddy" failures="0" tests="1" name="com.testscenarios.Justrecharge" time="13.068" errors="0" timestamp="2025-02-26T18:59:58 MST" skipped="0">
  <testcase classname="com.testscenarios.Justrecharge" name="f" time="13.068"/>
  <system-out/>
</testsuite> <!-- com.testscenarios.Justrecharge -->
