<?xml version="1.0" encoding="UTF-8"?>
<!-- Generated by org.testng.reporters.JUnitReportReporter -->
<testsuite hostname="SeenaReddy" failures="0" tests="1" name="com.testscenarios.TS_03_PracticeAutomationtesting" time="37.401" errors="0" timestamp="2025-02-25T18:03:51 MST" skipped="0">
  <testcase classname="com.testscenarios.TS_03_PracticeAutomationtesting" name="f" time="37.401"/>
  <system-out/>
</testsuite> <!-- com.testscenarios.TS_03_PracticeAutomationtesting -->
